<?xml version="1.0" encoding="UTF-8"?>
<!-- Generated by org.testng.reporters.JUnitXMLReporter -->
<testsuite ignored="2" hostname="LAPTOP-LPR232VR" failures="0" tests="4" name="Test" time="0.073" errors="0" timestamp="2024-06-12T09:42:18 IST">
  <testcase classname="com.crm.comcast.orgTest.CtreateOrgTest" name="createOrg" time="0.005"/>
  <testcase classname="com.crm.comcast.orgTest.CtreateOrgTest" name="createOrgWithIndustry" time="0.002"/>
  <testcase classname="com.crm.cosmcast.ContactTest.CtreateContactTest" name="createContact" time="0.002"/>
  <testcase classname="com.crm.cosmcast.ContactTest.CtreateContactTest" name="createContactDate" time="0.004"/>
  <testcase classname="com.crm.generic.baseUtility.BaseClass" name="@AfterSuite configAS" time="0.0">
    <ignored/>
  </testcase> <!-- @AfterSuite configAS -->
  <testcase classname="com.crm.generic.baseUtility.BaseClass" name="@BeforeSuite configBS" time="0.0">
    <ignored/>
  </testcase> <!-- @BeforeSuite configBS -->
</testsuite> <!-- Test -->
